app/build/intermediates/manifest_merge_blame_file/debug/manifest-merger-blame-debug-report.txt
1<?xml version="1.0" encoding="utf-8"?>
2<manifest xmlns:android="http://schemas.android.com/apk/res/android"
3    package="kz.seidalin.biometrickit"
4    android:versionCode="1"
5    android:versionName="1.0" >
6
7    <uses-sdk
8        android:minSdkVersion="16"
8-->src/main/AndroidManifest.xml
9        android:targetSdkVersion="29" />
9-->src/main/AndroidManifest.xml
10
11    <!-- Step 1: Add the following permission to the app -->
12    <uses-permission android:name="android.permission.USE_BIOMETRIC" /> <!-- Step 2: This permission is depreciated in Android P -->
12-->[:biometrickit] AndroidManifest.xml:12:5-72
12-->[:biometrickit] AndroidManifest.xml:12:22-69
13    <uses-permission android:name="android.permission.USE_FINGERPRINT" />
13-->[:biometrickit] AndroidManifest.xml:15:5-74
13-->[:biometrickit] AndroidManifest.xml:15:22-71
14
15    <application
15-->src/main/AndroidManifest.xml:5:5-19:19
16        android:name="androidx.multidex.MultiDexApplication"
17        android:allowBackup="true"
17-->src/main/AndroidManifest.xml:6:9-35
18        android:appComponentFactory="androidx.core.app.CoreComponentFactory"
18-->[androidx.core:core:1.2.0] AndroidManifest.xml:24:18-86
19        android:debuggable="true"
20        android:icon="@mipmap/ic_launcher"
20-->src/main/AndroidManifest.xml:7:9-43
21        android:label="@string/app_name"
21-->src/main/AndroidManifest.xml:8:9-41
22        android:roundIcon="@mipmap/ic_launcher_round"
22-->src/main/AndroidManifest.xml:9:9-54
23        android:supportsRtl="true"
23-->src/main/AndroidManifest.xml:10:9-35
24        android:testOnly="true"
25        android:theme="@style/AppTheme" >
25-->src/main/AndroidManifest.xml:11:9-40
26        <activity android:name="kz.seidalin.biometrickit.MainActivity" >
26-->src/main/AndroidManifest.xml:12:9-18:20
26-->src/main/AndroidManifest.xml:12:19-47
27            <intent-filter>
27-->src/main/AndroidManifest.xml:13:13-17:29
28                <action android:name="android.intent.action.MAIN" />
28-->src/main/AndroidManifest.xml:14:17-69
28-->src/main/AndroidManifest.xml:14:25-66
29
30                <category android:name="android.intent.category.LAUNCHER" />
30-->src/main/AndroidManifest.xml:16:17-77
30-->src/main/AndroidManifest.xml:16:27-74
31            </intent-filter>
32        </activity>
33        <activity
33-->[androidx.biometric:biometric:1.0.1] AndroidManifest.xml:28:9-31:67
34            android:name="androidx.biometric.DeviceCredentialHandlerActivity"
34-->[androidx.biometric:biometric:1.0.1] AndroidManifest.xml:29:13-78
35            android:exported="true"
35-->[androidx.biometric:biometric:1.0.1] AndroidManifest.xml:30:13-36
36            android:theme="@style/DeviceCredentialHandlerTheme" />
36-->[androidx.biometric:biometric:1.0.1] AndroidManifest.xml:31:13-64
37    </application>
38
39</manifest>